Removed Pin From Net: NetName=GND Pin=W3-1
Removed Member From Class: ClassName=U_sensor Member=W1
Removed Member From Class: ClassName=U_sensor Member=W2
Removed Member From Class: ClassName=U_sensor Member=W3
Added Component: Designator=B1(COMATEL_331.0600.1.03.500)
Add component. Clean all parameters for all variants
Add component (AddParameter): Name = "Author"; Value = "CERN DEM JLC"; VariantName = "[No Variations]"
Add component (AddParameter): Name = "ComponentHeight"; Value = "5.7mm"; VariantName = "[No Variations]"
Add component (AddParameter): Name = "Component Type"; Value = "Standard"; VariantName = "[No Variations]"
Add component (AddParameter): Name = "CreateDate"; Value = "16.12.2010"; VariantName = "[No Variations]"
Add component (AddParameter): Name = "Family"; Value = "Test Point"; VariantName = "[No Variations]"
Add component (AddParameter): Name = "HelpURL"; Value = "\\cern.ch\dfs\Applications\Altium\Datasheets\COMATEL_331.0600.1.03.500.pdf"; VariantName = "[No Variations]"
Add component (AddParameter): Name = "LatestRevisionDate"; Value = "27.08.2013"; VariantName = "[No Variations]"
Add component (AddParameter): Name = "Manufacturer"; Value = "KONTEK COMATEL"; VariantName = "[No Variations]"
Add component (AddParameter): Name = "Manufacturer Part Number"; Value = "331.0600.1.03.500"; VariantName = "[No Variations]"
Add component (AddParameter): Name = "Mounted"; Value = "Yes"; VariantName = "[No Variations]"
Add component (AddParameter): Name = "Part Description"; Value = "3 "U" Pins Strip Terminals Components Support, Pitch 2.54mm"; VariantName = "[No Variations]"
Add component (AddParameter): Name = "Part Number"; Value = "COMATEL_331.0600.1.03.500"; VariantName = "[No Variations]"
Add component (AddParameter): Name = "Pin Count"; Value = "3"; VariantName = "[No Variations]"
Add component (AddParameter): Name = "SMD"; Value = "No"; VariantName = "[No Variations]"
Add component (AddParameter): Name = "Socket"; Value = "No"; VariantName = "[No Variations]"
Add component (AddParameter): Name = "Status"; Value = "Obsolete"; VariantName = "[No Variations]"
Add component (AddParameter): Name = "Table"; Value = "STELVIO-KONTEK COMATEL"; VariantName = "[No Variations]"
Added Pin To Net: NetName=GND Pin=B1-1
Added Pin To Net: NetName=NetB1_2 Pin=B1-2
Added Pin To Net: NetName=NetB1_2 Pin=C9-2
Added Pin To Net: NetName=NetB1_2 Pin=U3-2
Added Pin To Net: NetName=NetB1_2 Pin=U3-3
Added Net: Name=NetB1_2
Added Pin To Net: NetName=NetB1_3 Pin=B1-3
Added Pin To Net: NetName=NetB1_3 Pin=R1-1
Added Pin To Net: NetName=NetB1_3 Pin=R1-1
Added Net: Name=NetB1_3
Added Member To Class: ClassName=U_sensor Member=Component B1 Test Point
Added Member To Class: ClassName=U_sensor Member=Component C9 1uF
Added Member To Class: ClassName=U_sensor Member=Component C9 4.7uF
Added Member To Class: ClassName=U_sensor Member=Component R1 1K
Added Member To Class: ClassName=U_sensor Member=Component R1 1K
Added Member To Class: ClassName=U_sensor Member=Component R1 680R
Added Member To Class: ClassName=U_sensor Member=Component R1 1K
Added Member To Class: ClassName=U_sensor Member=Component R1 47K
Added Member To Class: ClassName=U_sensor Member=Component R1 47K
